[debug] [2023-01-08T05:58:28.324Z] ----------------------------------------------------------------------
[debug] [2023-01-08T05:58:28.326Z] Command:       C:\Program Files\nodejs\node.exe C:\Users\akhil\AppData\Roaming\npm\node_modules\firebase-tools\lib\bin\firebase.js init
[debug] [2023-01-08T05:58:28.326Z] CLI Version:   11.20.0
[debug] [2023-01-08T05:58:28.326Z] Platform:      win32
[debug] [2023-01-08T05:58:28.326Z] Node Version:  v14.18.0
[debug] [2023-01-08T05:58:28.327Z] Time:          Sun Jan 08 2023 11:28:28 GMT+0530 (India Standard Time)
[debug] [2023-01-08T05:58:28.327Z] ----------------------------------------------------------------------
[debug] 
[debug] [2023-01-08T05:58:28.332Z] > command requires scopes: ["email","openid","https://www.googleapis.com/auth/cloudplatformprojects.readonly","https://www.googleapis.com/auth/firebase","https://www.googleapis.com/auth/cloud-platform"]
[debug] [2023-01-08T05:58:28.332Z] > authorizing via signed-in user (akhileshprince1485@gmail.com)
[info] 
     ######## #### ########  ######## ########     ###     ######  ########
     ##        ##  ##     ## ##       ##     ##  ##   ##  ##       ##
     ######    ##  ########  ######   ########  #########  ######  ######
     ##        ##  ##    ##  ##       ##     ## ##     ##       ## ##
     ##       #### ##     ## ######## ########  ##     ##  ######  ########

You're about to initialize a Firebase project in this directory:

  D:\Adarsh-Priyanshu\WhatsApp-Clone

[info] 
=== Project Setup
[info] 
[info] First, let's associate this project directory with a Firebase project.
[info] You can create multiple project aliases by running firebase use --add, 
[info] but for now we'll just set up a default project.
[info] 
[debug] [2023-01-08T05:58:49.446Z] Using project from CLI flag: whatsapp-clone-d4817
[debug] [2023-01-08T05:58:49.448Z] >>> [apiv2][query] GET https://firebase.googleapis.com/v1beta1/projects/whatsapp-clone-d4817 [none]
[debug] [2023-01-08T05:58:50.776Z] <<< [apiv2][status] GET https://firebase.googleapis.com/v1beta1/projects/whatsapp-clone-d4817 403
[debug] [2023-01-08T05:58:50.776Z] <<< [apiv2][body] GET https://firebase.googleapis.com/v1beta1/projects/whatsapp-clone-d4817 {"error":{"code":403,"message":"The caller does not have permission","status":"PERMISSION_DENIED"}}
[debug] [2023-01-08T05:58:50.776Z] HTTP Error: 403, The caller does not have permission
[debug] [2023-01-08T05:58:51.558Z] FirebaseError: HTTP Error: 403, The caller does not have permission
    at responseToError (C:\Users\akhil\AppData\Roaming\npm\node_modules\firebase-tools\lib\responseToError.js:49:12)
    at RetryOperation._fn (C:\Users\akhil\AppData\Roaming\npm\node_modules\firebase-tools\lib\apiv2.js:288:77)
    at processTicksAndRejections (internal/process/task_queues.js:95:5)
[error] 
[error] Error: Failed to get Firebase project whatsapp-clone-d4817. Please make sure the project exists and your account has permission to access it.
